Using pre-set license
Built from '2020.3/staging' branch; Version is '2020.3.0f1 (c7b5465681fb) revision 13088070'; Using compiler version '192528614'; Build Type 'Release'
OS: 'Windows 10 Home; OS build 18363.1256; Version 1909; 64bit' Language: 'en' Physical Memory: 16235 MB
BatchMode: 1, IsHumanControllingUs: 0, StartBugReporterOnCrash: 0, Is64bit: 1, IsPro: 0

 COMMAND LINE ARGUMENTS:
C:\Program Files\Unity\Hub\Editor\2020.3.0f1\Editor\Unity.exe
-adb2
-batchMode
-noUpm
-name
AssetImportWorker0
-projectPath
C:/Users/ziegw/Documents/GitHub/EconSimGame/EconSim
-logFile
Logs/AssetImportWorker0.log
-srvPort
54993
Successfully changed project path to: C:/Users/ziegw/Documents/GitHub/EconSimGame/EconSim
C:/Users/ziegw/Documents/GitHub/EconSimGame/EconSim
Using Asset Import Pipeline V2.
Refreshing native plugins compatible for Editor in 29.74 ms, found 0 plugins.
Preloading 0 native plugins for Editor in 0.00 ms.
Initialize engine version: 2020.3.0f1 (c7b5465681fb)
[Subsystems] Discovering subsystems at path C:/Program Files/Unity/Hub/Editor/2020.3.0f1/Editor/Data/Resources/UnitySubsystems
[Subsystems] Discovering subsystems at path C:/Users/ziegw/Documents/GitHub/EconSimGame/EconSim/Assets
GfxDevice: creating device client; threaded=0
Direct3D:
    Version:  Direct3D 11.0 [level 11.1]
    Renderer: NVIDIA GeForce GTX 1050 (ID=0x1c8d)
    Vendor:   
    VRAM:     4021 MB
    Driver:   26.21.14.4270
Initialize mono
Mono path[0] = 'C:/Program Files/Unity/Hub/Editor/2020.3.0f1/Editor/Data/Managed'
Mono path[1] = 'C:/Program Files/Unity/Hub/Editor/2020.3.0f1/Editor/Data/MonoBleedingEdge/lib/mono/unityjit'
Mono config path = 'C:/Program Files/Unity/Hub/Editor/2020.3.0f1/Editor/Data/MonoBleedingEdge/etc'
Using monoOptions --debugger-agent=transport=dt_socket,embedding=1,server=y,suspend=n,address=127.0.0.1:56764
Begin MonoManager ReloadAssembly
Registering precompiled unity dll's ...
Register platform support module: C:/Program Files/Unity/Hub/Editor/2020.3.0f1/Editor/Data/PlaybackEngines/WindowsStandaloneSupport/UnityEditor.WindowsStandalone.Extensions.dll
Registered in 0.002945 seconds.
Native extension for WindowsStandalone target not found
Refreshing native plugins compatible for Editor in 41.96 ms, found 0 plugins.
Preloading 0 native plugins for Editor in 0.00 ms.
Invoked RoslynAnalysisRunner static constructor.
RoslynAnalysisRunner will not be running.
RoslynAnalysisRunner has terminated.
Mono: successfully reloaded assembly
- Completed reload, in  2.223 seconds
Platform modules already initialized, skipping
Registering precompiled user dll's ...
Registered in 0.001034 seconds.
Begin MonoManager ReloadAssembly
Native extension for WindowsStandalone target not found
Refreshing native plugins compatible for Editor in 0.22 ms, found 0 plugins.
Preloading 0 native plugins for Editor in 0.00 ms.
Invoked RoslynAnalysisRunner static constructor.
RoslynAnalysisRunner will not be running.
RoslynAnalysisRunner has terminated.
Mono: successfully reloaded assembly
- Completed reload, in  1.533 seconds
Platform modules already initialized, skipping
========================================================================
Worker process is ready to serve import requests
Launched and connected shader compiler UnityShaderCompiler.exe after 0.13 seconds
Refreshing native plugins compatible for Editor in 0.37 ms, found 0 plugins.
Preloading 0 native plugins for Editor in 0.00 ms.
Unloading 1133 Unused Serialized files (Serialized files now loaded: 0)
System memory in use before: 58.9 MB.
System memory in use after: 59.0 MB.

Unloading 9 unused Assets to reduce memory usage. Loaded Objects now: 1577.
Total: 5.398000 ms (FindLiveObjects: 0.360400 ms CreateObjectMapping: 0.145200 ms MarkObjects: 4.756800 ms  DeleteObjects: 0.133500 ms)

========================================================================
Received Import Request.
  path: Assets/noise.png
  artifactKey: Guid(60e6526e017a1a24596bc32f23d38f18) Importer(815301076,1909f56bfc062723c751e8b465ee728b)
Start importing Assets/noise.png using Guid(60e6526e017a1a24596bc32f23d38f18) Importer(815301076,1909f56bfc062723c751e8b465ee728b)  -> (artifact id: '4cfd9947fceb55185eef751e51b553ef') in 0.201188 seconds
  Import took 0.204854 seconds .

========================================================================
Received Import Request.
  Time since last request: 15.856776 seconds.
  path: Assets/Scripts
  artifactKey: Guid(f1dab36086ae8ed4eb54fb485010c0a4) Importer(815301076,1909f56bfc062723c751e8b465ee728b)
Start importing Assets/Scripts using Guid(f1dab36086ae8ed4eb54fb485010c0a4) Importer(815301076,1909f56bfc062723c751e8b465ee728b)  -> (artifact id: '0ea8d212780e98424be1eb2937dc83e4') in 0.008884 seconds
  Import took 0.012730 seconds .

========================================================================
Received Import Request.
  Time since last request: 0.011300 seconds.
  path: Assets/Scripts
  artifactKey: Guid(f1dab36086ae8ed4eb54fb485010c0a4) Importer(815301076,1909f56bfc062723c751e8b465ee728b)
Start importing Assets/Scripts using Guid(f1dab36086ae8ed4eb54fb485010c0a4) Importer(815301076,1909f56bfc062723c751e8b465ee728b)  -> (artifact id: '0ea8d212780e98424be1eb2937dc83e4') in 0.002434 seconds
  Import took 0.005184 seconds .

========================================================================
Received Import Request.
  Time since last request: 3.532984 seconds.
  path: Assets/Scripts/HexMap
  artifactKey: Guid(9e7cee863b7907740871491d455ef350) Importer(815301076,1909f56bfc062723c751e8b465ee728b)
Start importing Assets/Scripts/HexMap using Guid(9e7cee863b7907740871491d455ef350) Importer(815301076,1909f56bfc062723c751e8b465ee728b)  -> (artifact id: '1f4253cc268d44924f6137a280eb8c5c') in 0.023189 seconds
  Import took 0.030031 seconds .

========================================================================
Received Import Request.
  Time since last request: 0.002832 seconds.
  path: Assets/Scripts/HexMap
  artifactKey: Guid(9e7cee863b7907740871491d455ef350) Importer(815301076,1909f56bfc062723c751e8b465ee728b)
Start importing Assets/Scripts/HexMap using Guid(9e7cee863b7907740871491d455ef350) Importer(815301076,1909f56bfc062723c751e8b465ee728b)  -> (artifact id: '1f4253cc268d44924f6137a280eb8c5c') in 0.004759 seconds
  Import took 0.010057 seconds .

========================================================================
Received Import Request.
  Time since last request: 5.053942 seconds.
  path: Assets/Scripts/WorldMap/WorldGenerator.cs
  artifactKey: Guid(4c4ff736ad009f6438ec22b5ed7a7071) Importer(815301076,1909f56bfc062723c751e8b465ee728b)
Start importing Assets/Scripts/WorldMap/WorldGenerator.cs using Guid(4c4ff736ad009f6438ec22b5ed7a7071) Importer(815301076,1909f56bfc062723c751e8b465ee728b)  -> (artifact id: 'f410db5865b067b14e00e1dfeaf8a34f') in 0.105402 seconds
  Import took 0.108297 seconds .

